<?xml version="1.0" encoding="UTF-8"?>
<testng-results skipped="0" failed="0" ignored="0" total="20" passed="20">
  <reporter-output>
  </reporter-output>
  <suite name="book-flight-module" duration-ms="53945" started-at="2021-10-14T06:56:45 GMT" finished-at="2021-10-14T06:57:39 GMT">
    <groups>
    </groups>
    <test name="book-flight-1" duration-ms="18139" started-at="2021-10-14T06:56:45 GMT" finished-at="2021-10-14T06:57:03 GMT">
      <class name="com.newtours.tests.BookFlightTest">
        <test-method status="PASS" signature="setupDriver()[pri:0, instance:com.newtours.tests.BookFlightTest@77cd7a0]" name="setupDriver" is-config="true" duration-ms="7495" started-at="2021-10-14T06:56:45 GMT" finished-at="2021-10-14T06:56:53 GMT">
          <reporter-output>
          </reporter-output>
        </test-method> <!-- setupDriver -->
        <test-method status="PASS" signature="setupParameter(java.lang.String,java.lang.String)[pri:0, instance:com.newtours.tests.BookFlightTest@77cd7a0]" name="setupParameter" is-config="true" duration-ms="15" started-at="2021-10-14T06:56:53 GMT" depends-on-methods="com.tests.BaseTest.setupDriver" finished-at="2021-10-14T06:56:53 GMT">
          <params>
            <param index="0">
              <value>
                <![CDATA[1]]>
              </value>
            </param>
            <param index="1">
              <value>
                <![CDATA[$584 USD]]>
              </value>
            </param>
          </params>
          <reporter-output>
          </reporter-output>
        </test-method> <!-- setupParameter -->
        <test-method status="PASS" signature="registrationPage()[pri:0, instance:com.newtours.tests.BookFlightTest@77cd7a0]" name="registrationPage" duration-ms="6587" started-at="2021-10-14T06:56:53 GMT" finished-at="2021-10-14T06:56:59 GMT">
          <reporter-output>
          </reporter-output>
        </test-method> <!-- registrationPage -->
        <test-method status="PASS" signature="registrationConfirmation()[pri:0, instance:com.newtours.tests.BookFlightTest@77cd7a0]" name="registrationConfirmation" duration-ms="269" started-at="2021-10-14T06:56:59 GMT" depends-on-methods="com.newtours.tests.BookFlightTest.registrationPage" finished-at="2021-10-14T06:57:00 GMT">
          <reporter-output>
          </reporter-output>
        </test-method> <!-- registrationConfirmation -->
        <test-method status="PASS" signature="flightDetailsPage()[pri:0, instance:com.newtours.tests.BookFlightTest@77cd7a0]" name="flightDetailsPage" duration-ms="1795" started-at="2021-10-14T06:57:00 GMT" depends-on-methods="com.newtours.tests.BookFlightTest.registrationConfirmation" finished-at="2021-10-14T06:57:01 GMT">
          <reporter-output>
          </reporter-output>
        </test-method> <!-- flightDetailsPage -->
        <test-method status="PASS" signature="findFlightPage()[pri:0, instance:com.newtours.tests.BookFlightTest@77cd7a0]" name="findFlightPage" duration-ms="788" started-at="2021-10-14T06:57:01 GMT" depends-on-methods="com.newtours.tests.BookFlightTest.flightDetailsPage" finished-at="2021-10-14T06:57:02 GMT">
          <reporter-output>
          </reporter-output>
        </test-method> <!-- findFlightPage -->
        <test-method status="PASS" signature="flightConfirmationPage()[pri:0, instance:com.newtours.tests.BookFlightTest@77cd7a0]" name="flightConfirmationPage" duration-ms="454" started-at="2021-10-14T06:57:02 GMT" depends-on-methods="com.newtours.tests.BookFlightTest.findFlightPage" finished-at="2021-10-14T06:57:03 GMT">
          <reporter-output>
          </reporter-output>
        </test-method> <!-- flightConfirmationPage -->
        <test-method status="PASS" signature="tearDown()[pri:0, instance:com.newtours.tests.BookFlightTest@77cd7a0]" name="tearDown" is-config="true" duration-ms="649" started-at="2021-10-14T06:57:03 GMT" finished-at="2021-10-14T06:57:03 GMT">
          <reporter-output>
          </reporter-output>
        </test-method> <!-- tearDown -->
      </class> <!-- com.newtours.tests.BookFlightTest -->
    </test> <!-- book-flight-1 -->
    <test name="book-flight-2" duration-ms="30430" started-at="2021-10-14T06:56:45 GMT" finished-at="2021-10-14T06:57:16 GMT">
      <class name="com.newtours.tests.BookFlightTest">
        <test-method status="PASS" signature="setupDriver()[pri:0, instance:com.newtours.tests.BookFlightTest@3159c4b8]" name="setupDriver" is-config="true" duration-ms="21497" started-at="2021-10-14T06:56:45 GMT" finished-at="2021-10-14T06:57:07 GMT">
          <reporter-output>
          </reporter-output>
        </test-method> <!-- setupDriver -->
        <test-method status="PASS" signature="setupParameter(java.lang.String,java.lang.String)[pri:0, instance:com.newtours.tests.BookFlightTest@3159c4b8]" name="setupParameter" is-config="true" duration-ms="0" started-at="2021-10-14T06:57:07 GMT" depends-on-methods="com.tests.BaseTest.setupDriver" finished-at="2021-10-14T06:57:07 GMT">
          <params>
            <param index="0">
              <value>
                <![CDATA[2]]>
              </value>
            </param>
            <param index="1">
              <value>
                <![CDATA[$1169 USD]]>
              </value>
            </param>
          </params>
          <reporter-output>
          </reporter-output>
        </test-method> <!-- setupParameter -->
        <test-method status="PASS" signature="registrationPage()[pri:0, instance:com.newtours.tests.BookFlightTest@3159c4b8]" name="registrationPage" duration-ms="5421" started-at="2021-10-14T06:57:07 GMT" finished-at="2021-10-14T06:57:12 GMT">
          <reporter-output>
          </reporter-output>
        </test-method> <!-- registrationPage -->
        <test-method status="PASS" signature="registrationConfirmation()[pri:0, instance:com.newtours.tests.BookFlightTest@3159c4b8]" name="registrationConfirmation" duration-ms="121" started-at="2021-10-14T06:57:12 GMT" depends-on-methods="com.newtours.tests.BookFlightTest.registrationPage" finished-at="2021-10-14T06:57:12 GMT">
          <reporter-output>
          </reporter-output>
        </test-method> <!-- registrationConfirmation -->
        <test-method status="PASS" signature="flightDetailsPage()[pri:0, instance:com.newtours.tests.BookFlightTest@3159c4b8]" name="flightDetailsPage" duration-ms="1788" started-at="2021-10-14T06:57:12 GMT" depends-on-methods="com.newtours.tests.BookFlightTest.registrationConfirmation" finished-at="2021-10-14T06:57:14 GMT">
          <reporter-output>
          </reporter-output>
        </test-method> <!-- flightDetailsPage -->
        <test-method status="PASS" signature="findFlightPage()[pri:0, instance:com.newtours.tests.BookFlightTest@3159c4b8]" name="findFlightPage" duration-ms="601" started-at="2021-10-14T06:57:14 GMT" depends-on-methods="com.newtours.tests.BookFlightTest.flightDetailsPage" finished-at="2021-10-14T06:57:15 GMT">
          <reporter-output>
          </reporter-output>
        </test-method> <!-- findFlightPage -->
        <test-method status="PASS" signature="flightConfirmationPage()[pri:0, instance:com.newtours.tests.BookFlightTest@3159c4b8]" name="flightConfirmationPage" duration-ms="366" started-at="2021-10-14T06:57:15 GMT" depends-on-methods="com.newtours.tests.BookFlightTest.findFlightPage" finished-at="2021-10-14T06:57:15 GMT">
          <reporter-output>
          </reporter-output>
        </test-method> <!-- flightConfirmationPage -->
        <test-method status="PASS" signature="tearDown()[pri:0, instance:com.newtours.tests.BookFlightTest@3159c4b8]" name="tearDown" is-config="true" duration-ms="624" started-at="2021-10-14T06:57:15 GMT" finished-at="2021-10-14T06:57:16 GMT">
          <reporter-output>
          </reporter-output>
        </test-method> <!-- tearDown -->
      </class> <!-- com.newtours.tests.BookFlightTest -->
    </test> <!-- book-flight-2 -->
    <test name="book-flight-3" duration-ms="41303" started-at="2021-10-14T06:56:45 GMT" finished-at="2021-10-14T06:57:26 GMT">
      <class name="com.newtours.tests.BookFlightTest">
        <test-method status="PASS" signature="setupDriver()[pri:0, instance:com.newtours.tests.BookFlightTest@49993335]" name="setupDriver" is-config="true" duration-ms="33179" started-at="2021-10-14T06:56:45 GMT" finished-at="2021-10-14T06:57:18 GMT">
          <reporter-output>
          </reporter-output>
        </test-method> <!-- setupDriver -->
        <test-method status="PASS" signature="setupParameter(java.lang.String,java.lang.String)[pri:0, instance:com.newtours.tests.BookFlightTest@49993335]" name="setupParameter" is-config="true" duration-ms="1" started-at="2021-10-14T06:57:18 GMT" depends-on-methods="com.tests.BaseTest.setupDriver" finished-at="2021-10-14T06:57:18 GMT">
          <params>
            <param index="0">
              <value>
                <![CDATA[3]]>
              </value>
            </param>
            <param index="1">
              <value>
                <![CDATA[$1753 USD]]>
              </value>
            </param>
          </params>
          <reporter-output>
          </reporter-output>
        </test-method> <!-- setupParameter -->
        <test-method status="PASS" signature="registrationPage()[pri:0, instance:com.newtours.tests.BookFlightTest@49993335]" name="registrationPage" duration-ms="4536" started-at="2021-10-14T06:57:18 GMT" finished-at="2021-10-14T06:57:23 GMT">
          <reporter-output>
          </reporter-output>
        </test-method> <!-- registrationPage -->
        <test-method status="PASS" signature="registrationConfirmation()[pri:0, instance:com.newtours.tests.BookFlightTest@49993335]" name="registrationConfirmation" duration-ms="106" started-at="2021-10-14T06:57:23 GMT" depends-on-methods="com.newtours.tests.BookFlightTest.registrationPage" finished-at="2021-10-14T06:57:23 GMT">
          <reporter-output>
          </reporter-output>
        </test-method> <!-- registrationConfirmation -->
        <test-method status="PASS" signature="flightDetailsPage()[pri:0, instance:com.newtours.tests.BookFlightTest@49993335]" name="flightDetailsPage" duration-ms="1776" started-at="2021-10-14T06:57:23 GMT" depends-on-methods="com.newtours.tests.BookFlightTest.registrationConfirmation" finished-at="2021-10-14T06:57:25 GMT">
          <reporter-output>
          </reporter-output>
        </test-method> <!-- flightDetailsPage -->
        <test-method status="PASS" signature="findFlightPage()[pri:0, instance:com.newtours.tests.BookFlightTest@49993335]" name="findFlightPage" duration-ms="656" started-at="2021-10-14T06:57:25 GMT" depends-on-methods="com.newtours.tests.BookFlightTest.flightDetailsPage" finished-at="2021-10-14T06:57:25 GMT">
          <reporter-output>
          </reporter-output>
        </test-method> <!-- findFlightPage -->
        <test-method status="PASS" signature="flightConfirmationPage()[pri:0, instance:com.newtours.tests.BookFlightTest@49993335]" name="flightConfirmationPage" duration-ms="384" started-at="2021-10-14T06:57:25 GMT" depends-on-methods="com.newtours.tests.BookFlightTest.findFlightPage" finished-at="2021-10-14T06:57:26 GMT">
          <reporter-output>
          </reporter-output>
        </test-method> <!-- flightConfirmationPage -->
        <test-method status="PASS" signature="tearDown()[pri:0, instance:com.newtours.tests.BookFlightTest@49993335]" name="tearDown" is-config="true" duration-ms="652" started-at="2021-10-14T06:57:26 GMT" finished-at="2021-10-14T06:57:26 GMT">
          <reporter-output>
          </reporter-output>
        </test-method> <!-- tearDown -->
      </class> <!-- com.newtours.tests.BookFlightTest -->
    </test> <!-- book-flight-3 -->
    <test name="book-flight-4" duration-ms="53944" started-at="2021-10-14T06:56:45 GMT" finished-at="2021-10-14T06:57:39 GMT">
      <class name="com.newtours.tests.BookFlightTest">
        <test-method status="PASS" signature="setupDriver()[pri:0, instance:com.newtours.tests.BookFlightTest@10bdf5e5]" name="setupDriver" is-config="true" duration-ms="43768" started-at="2021-10-14T06:56:45 GMT" finished-at="2021-10-14T06:57:29 GMT">
          <reporter-output>
          </reporter-output>
        </test-method> <!-- setupDriver -->
        <test-method status="PASS" signature="setupParameter(java.lang.String,java.lang.String)[pri:0, instance:com.newtours.tests.BookFlightTest@10bdf5e5]" name="setupParameter" is-config="true" duration-ms="1" started-at="2021-10-14T06:57:29 GMT" depends-on-methods="com.tests.BaseTest.setupDriver" finished-at="2021-10-14T06:57:29 GMT">
          <params>
            <param index="0">
              <value>
                <![CDATA[4]]>
              </value>
            </param>
            <param index="1">
              <value>
                <![CDATA[$2338 USD]]>
              </value>
            </param>
          </params>
          <reporter-output>
          </reporter-output>
        </test-method> <!-- setupParameter -->
        <test-method status="PASS" signature="registrationPage()[pri:0, instance:com.newtours.tests.BookFlightTest@10bdf5e5]" name="registrationPage" duration-ms="6805" started-at="2021-10-14T06:57:29 GMT" finished-at="2021-10-14T06:57:36 GMT">
          <reporter-output>
          </reporter-output>
        </test-method> <!-- registrationPage -->
        <test-method status="PASS" signature="registrationConfirmation()[pri:0, instance:com.newtours.tests.BookFlightTest@10bdf5e5]" name="registrationConfirmation" duration-ms="109" started-at="2021-10-14T06:57:36 GMT" depends-on-methods="com.newtours.tests.BookFlightTest.registrationPage" finished-at="2021-10-14T06:57:36 GMT">
          <reporter-output>
          </reporter-output>
        </test-method> <!-- registrationConfirmation -->
        <test-method status="PASS" signature="flightDetailsPage()[pri:0, instance:com.newtours.tests.BookFlightTest@10bdf5e5]" name="flightDetailsPage" duration-ms="1698" started-at="2021-10-14T06:57:36 GMT" depends-on-methods="com.newtours.tests.BookFlightTest.registrationConfirmation" finished-at="2021-10-14T06:57:38 GMT">
          <reporter-output>
          </reporter-output>
        </test-method> <!-- flightDetailsPage -->
        <test-method status="PASS" signature="findFlightPage()[pri:0, instance:com.newtours.tests.BookFlightTest@10bdf5e5]" name="findFlightPage" duration-ms="616" started-at="2021-10-14T06:57:38 GMT" depends-on-methods="com.newtours.tests.BookFlightTest.flightDetailsPage" finished-at="2021-10-14T06:57:38 GMT">
          <reporter-output>
          </reporter-output>
        </test-method> <!-- findFlightPage -->
        <test-method status="PASS" signature="flightConfirmationPage()[pri:0, instance:com.newtours.tests.BookFlightTest@10bdf5e5]" name="flightConfirmationPage" duration-ms="369" started-at="2021-10-14T06:57:38 GMT" depends-on-methods="com.newtours.tests.BookFlightTest.findFlightPage" finished-at="2021-10-14T06:57:39 GMT">
          <reporter-output>
          </reporter-output>
        </test-method> <!-- flightConfirmationPage -->
        <test-method status="PASS" signature="tearDown()[pri:0, instance:com.newtours.tests.BookFlightTest@10bdf5e5]" name="tearDown" is-config="true" duration-ms="561" started-at="2021-10-14T06:57:39 GMT" finished-at="2021-10-14T06:57:39 GMT">
          <reporter-output>
          </reporter-output>
        </test-method> <!-- tearDown -->
      </class> <!-- com.newtours.tests.BookFlightTest -->
    </test> <!-- book-flight-4 -->
  </suite> <!-- book-flight-module -->
</testng-results>
